0 info it worked if it ends with ok
1 verbose cli [ '/usr/local/bin/node', '/usr/local/bin/npm', 'run', 'serve' ]
2 info using npm@3.3.12
3 info using node@v5.3.0
4 verbose run-script [ 'preserve', 'serve', 'postserve' ]
5 info lifecycle angular-tmpl@0.0.5~preserve: angular-tmpl@0.0.5
6 silly lifecycle angular-tmpl@0.0.5~preserve: no script for preserve, continuing
7 info lifecycle angular-tmpl@0.0.5~serve: angular-tmpl@0.0.5
8 verbose lifecycle angular-tmpl@0.0.5~serve: unsafe-perm in lifecycle true
9 verbose lifecycle angular-tmpl@0.0.5~serve: PATH: /usr/local/lib/node_modules/npm/bin/node-gyp-bin:/Users/dstaudigel/the/angular-tmpl/node_modules/.bin:/opt/local/bin:/opt/local/sbin:/Users/dstaudigel/.rbenv/shims:/Developer/android/sdk/platform-tools:/Developer/android/sdk/tools:/usr/local/sbin:/Library/PostgreSQL/9.2/bin:./.bin:./bin:/Users/dstaudigel/Dropbox/sources/depot_tools:/Users/dstaudigel/node_modules/.bin:/Users/dstaudigel/.bin:/Users/dstaudigel/.gem/ruby/1.8/bin:.:/Users/dstaudigel/.bin:/usr/local/bin:/sw/local/bin:/usr/local/mysql/bin::/usr/local/bin:/usr/bin:/bin:/usr/sbin:/sbin:/opt/X11/bin
10 verbose lifecycle angular-tmpl@0.0.5~serve: CWD: /Users/dstaudigel/the/angular-tmpl
11 silly lifecycle angular-tmpl@0.0.5~serve: Args: [ '-c', 'node bin/dev-server.js' ]
12 silly lifecycle angular-tmpl@0.0.5~serve: Returned: code: 1  signal: null
13 info lifecycle angular-tmpl@0.0.5~serve: Failed to exec serve script
14 verbose stack Error: angular-tmpl@0.0.5 serve: `node bin/dev-server.js`
14 verbose stack Exit status 1
14 verbose stack     at EventEmitter.<anonymous> (/usr/local/lib/node_modules/npm/lib/utils/lifecycle.js:232:16)
14 verbose stack     at emitTwo (events.js:87:13)
14 verbose stack     at EventEmitter.emit (events.js:172:7)
14 verbose stack     at ChildProcess.<anonymous> (/usr/local/lib/node_modules/npm/lib/utils/spawn.js:24:14)
14 verbose stack     at emitTwo (events.js:87:13)
14 verbose stack     at ChildProcess.emit (events.js:172:7)
14 verbose stack     at maybeClose (internal/child_process.js:818:16)
14 verbose stack     at Process.ChildProcess._handle.onexit (internal/child_process.js:211:5)
15 verbose pkgid angular-tmpl@0.0.5
16 verbose cwd /Users/dstaudigel/the/angular-tmpl
17 error Darwin 15.3.0
18 error argv "/usr/local/bin/node" "/usr/local/bin/npm" "run" "serve"
19 error node v5.3.0
20 error npm  v3.3.12
21 error code ELIFECYCLE
22 error angular-tmpl@0.0.5 serve: `node bin/dev-server.js`
22 error Exit status 1
23 error Failed at the angular-tmpl@0.0.5 serve script 'node bin/dev-server.js'.
23 error Make sure you have the latest version of node.js and npm installed.
23 error If you do, this is most likely a problem with the angular-tmpl package,
23 error not with npm itself.
23 error Tell the author that this fails on your system:
23 error     node bin/dev-server.js
23 error You can get their info via:
23 error     npm owner ls angular-tmpl
23 error There is likely additional logging output above.
24 verbose exit [ 1, true ]
